     183        17        22
     238        72       108
     347       181        92
     458       292        50
     509       343        35
     545       379        94
     640       474        25
     666       500        38
     705       539        44
     750       584        38
     807       641        23
     834       668        35
     870       704        24
     921       755        26
     966       800        29
    1014       848        20
    1035       869        25
    1063       897        91
    1155       989        61
    1235      1069        24
    1280      1114       207
    1518      1352        53
    1581      1415        65
    1650      1484        23
    1674      1508        20
    1788      1622        59
    1857      1691        23
    1881      1715        20
    1952      1786        20
    1973      1807        61
    2035      1869        26
    2077      1911       113
    2202      2036        74
    2277      2111        77
    2355      2189        21
    2377      2211        24
    2422      2256        22
    2452      2286        32
    2485      2319        61
    2547      2381        24
    2572      2406        22
    2595      2429        27
    2639      2472        26
    2666      2499        73
    2740      2573        44
    2785      2618        23
    2809      2642        32
    2844      2677        29
    2875      2708        62
    2938      2771        68
    3009      2842        39
    3052      2885        20
    3073      2906        56
    3151      2984        73
    3225      3058        34
    3274      3107        62
    3337      3170        66
    3455      3287        42
    3498      3330        51
    3568      3400        23
    3648      3480        20
    3669      3501        34
    3769      3601        24
    3819      3651        54
    3887      3719        40
    3947      3779        24
    4009      3841        26
    4047      3879        49
    4105      3937        46
    4178      4010        46
    4243      4075        93
    4380      4209        87
    4501      4340        78
    4583      4422        22
    4611      4446        85
    4703      4540       109
    5056      4895        24
    5203      5395        28
    5251      5446        26
    5284      5479        50
    5425     23722        24
    5431      5626        35
    5515      5710        47
    5584      5779        26
    5611      5806        26
    5656      5851        20
    5716      5911        20
    5773      5968        23
    5797      5992       152
    5950      6145        49
    6002      6197        25
    6028      6223        32
    6064      6259        29
    6103      6298        20
    6124      6319        23
    6160      6355        27
    6221      6416        40
    6268      6463        79
    6375      6567        33
    6409      6601        32
    6442      6634        31
    6523      6715       122
    6656      6848        20
    6678      6870        60
    6760      6952        59
    6871      7063        29
    6919      7111        62
    6982      7174        34
    7018      7210        38
    7057      7249       177
    7231      7413        91
    7339      7521        60
    7419      7596        22
    7442      7619        20
    7499      7682        23
    7552      7714        43
    7625      7780       167
    7793      7948        52
    7883      8038        74
    7958      8113        32
    7991      8146        26
    8030      8185        23
    8060      8215       161
    8230      8385        57
    8288      8443        56
    8348      8503        47
    8396      8551        65
    8462      8617       167
    8630      8785        44
    8689      8844        48
    8738      8893       104
    8843      8998        23
    8870      9025        25
    8896      9051        33
    8933      9088        38
    8972      9127        23
    8996      9151        53
    9050      9205        86
    9167      9322        34
    9215      9370       128
    9344      9499        20
    9365      9520        22
    9388      9543       141
    9530      9685        83
    9628      9783        53
    9682      9837        46
    9747      9902        50
    9838      9993        24
    9894     10050        49
    9956     10112        27
   10007     10163        57
   10080     10236        58
   10139     10295        49
   10189     10345       136
   10369     10525        42
   10424     10580        23
   10454     10610        53
   10508     10664        70
   10579     10735        21
   10601     10757        35
   10667     10823       110
   10778     10934        38
   10826     10982        20
   10868     11024        26
   10898     11054        21
   11000     11156        35
   11036     11192        23
   11060     11216        25
   11087     11243        23
   11111     11267        40
   11156     11312        32
   11227     11383        27
   11306     11462        50
   11372     11528       129
   11508     11664        21
   11539     11695        54
   11617     11773        68
   11707     11863        56
   11764     11920        29
   11794     11950        41
   11836     11992        20
   11857     12013        48
   11908     12064       107
   12029     12185        20
   12091     12247        49
   12151     12307        32
   12187     12343        56
   12274     12430        47
   12323     12479        32
   12373     12529        38
   12419     12575        28
   12463     12619        26
   12517     12673        60
   12592     12748        32
   12625     12781        20
   12657     12814       188
   12878     13035        21
   12900     13057        30
   12931     13088        54
   13013     13170        50
   13073     13230        26
   13100     13257        29
   13130     13287        38
   13169     13326        24
   13211     13368        62
   13284     13441        22
   13307     13464        44
   13373     13530        41
   13415     13572        23
   13439     13596        23
   13463     13620        45
   13509     13666        43
   13590     13747        70
   13670     13827        21
   13700     13857        91
   13792     13949        80
   13897     14054        50
   13995     14152        65
   14073     14230        20
   14094     14251        20
   14115     14272        35
   14151     14308        32
   14202     14359        45
   14248     14405        35
   14284     14441        86
   14371     14528        44
   14416     14573        50
   14485     14642        26
   14512     14669        27
   14563     14720        20
   14617     14774        69
   14704     14861        80
   14809     14966        23
   14870     15027        94
   14965     15122        54
   15022     15179        20
   15086     15243        46
   15139     15296        30
   15188     15345        26
   15266     15423        25
   15292     15449        32
   15325     15482        35
   15361     15518        36
   15409     15566       125
   15553     15710        24
   15595     15752        25
   15640     15797        32
   15701     15858        40
   15742     15899        36
   15814     15971        32
   15869     16026        34
   15925     16082        23
   15967     16124        50
   16018     16175        38
   16075     16232        29
   16132     16289        38
   16171     16328        26
   16201     16358        35
   16237     16394        35
   16303     16460        38
   16342     16499        20
   16363     16520        63
   16427     16584        43
   16474     16631        24
   16508     16665        22
   16548     16705        42
   16653     16795        83
   16786     16928        42
   16847     16992       162
   17010     17155        59
   17100     17245        29
   17142     17287        47
   17190     17335       107
   17313     17458        50
   17364     17509        46
   17412     17557        59
   17478     17623        23
   17502     17647        30
   17533     17678        55
   17595     17740       116
   17712     17857        20
   17736     17881        47
   17808     17953        56
   17865     18010        77
   17970     18115        32
   18008     18153        39
   18048     18193       125
   18196     18341        31
   18237     18382        25
   18296     18440        31
   18328     18472        93
   18440     18584        53
   18494     18638        41
   18536     18680        35
   18611     18755        35
   18668     18812        26
   18704     18848        26
   18731     18875        86
   18821     18965        35
   18857     19001       125
   19007     19151        41
   19055     19199        21
   19097     19241        41
   19151     19295        23
   19175     19319        35
   19214     19358        23
   19241     19385        44
   19316     19460        41
   19382     19526        52
   19468     19612       116
   19588     19732        23
   19615     19759        44
   19723     19867        44
   19777     19921        42
   19820     19964        37
   19864     20008        62
   19927     20071        29
   19975     20119        50
   20028     20172        27
   20104     20248        59
   20164     20308        30
   20195     20339        35
   20231     20375        22
   20288     20432        43
   20356     20500        89
   20449     20593        26
   20576     20774        20
   20642     20840        38
   20726     20924        20
   20747     20945        47
   20795     20993        29
   20831     21029        28
   20879     21077        47
   20930     21128        41
   21011     21209        23
   21071     21269        26
   21098     21296        78
   21177     21375        21
   21221     21419        27
   21252     21450        41
   21321     21519        20
   21348     21546        32
   21399     21597        23
   21423     21621        44
   21489     21687        68
   21564     21762        38
   21624     21822        22
   21723     21921        44
   21795     21993        25
   21862     22066        70
   21971     22175        20
   21992     22196        21
   22023     22227        35
   22131     22335        25
   22158     22362        52
   22218     22422        29
   22269     22473        86
   22356     22560        47
   22404     22608        35
   22473     22677        30
   22504     22708        55
   22584     22788        27
   22612     22816        73
   22715     22919        31
   22747     22951        37
   22840     23044        21
   22862     23066        24
   23052     23258        27
   23142     23302        25
   23179     23338        53
   23233     23392        22
   23334     23548        71
   23406      5518        34
   23502     23716        23
   23565     23779        46
   23615     23829        27
   23643     23857        62
   23742     23956        35
   23784     23998        53
   23844     24058        37
   23892     24106        53
   23988     24202        56
   24051     24265        32
   24105     24319        20
   24150     24364        28
   24319     24530        22
   24357     24568        27
   24387     24598        52
   24489     24700        21
   24511     24722        55
   24861     25003        28
   24900     25042        26
   25094     25245        51
   25146     25297        47
   25197     25348        29
   25227     25378        23
   25308     25459        23
   25332     25483        41
   25377     25528        95
   25481     25632        46
   25533     25684        36
   25585     25736        37
   25636     25785        55
   25668     25924        27
   25824     26094        27
   25933     26129        28
   26078     26315        30
   26109     26346        38
   26148     26385        22
   26171     26408        81
   26253     26490        59
   26331     26568        23
   26388     26625        71
   26463     26700        20
   26484     26721        83
   26568     26805        74
   26658     26895        45
   26704     26941        25
   26748     26985        38
   26811     27048        71
   26883     27120        44
   26946     27183        41
   26988     27225        38
   27044     27281        48
   27100     27337        37
   27138     27375        46
   27207     27444        29
   27237     27474        47
   27299     27536        25
   27386     27624        50
   27439     27678       118
   27558     27797        62
   27656     27895        26
   27695     27934        71
   27767     28006        32
   27824     28063        38
   27878     28117        20
   27914     28153        20
   27935     28174        38
   27974     28213       164
   28140     28379        29
   28235     28474        38
   28292     28531       103
   28396     28635        54
   28466     28705       152
   28619     28858        68
   28688     28927        32
   28757     28996        50
   28808     29047        33
   28904     29135        32
   28949     29180        26
   28976     29207        28
   29005     29236       117
   29144     29375        24
   29169     29400        43
   29229     29460        20
   29261     29492        47
   29343     29574        22
   29396     29627        24
   29437     29668        44
   29482     29713        28
   29541     29772        20
   29597     29828        27
   29625     29856        35
   29661     29892        46
   29712     29943        47
   29784     30015        41
   29836     30067        64
   29913     30144        56
   29976     30207        26
   30003     30234        32
   30051     30282        25
   30093     30345        24
   30290     30542        24
   30390     30636        37
   31536     31689        44
   31734     31878        23
   31824     31971        25
   31868     32018        31
   31900     32050        34
   31935     32085        67
   32003     32153        47
   32063     32213        59
   32123     32273        23
   32147     32297        56
   32225     32375        29
   32255     32405        23
   32300     32450        33
   32342     32492        26
   32754     32872        24
   32974     33092        29
   33019     33137        21
   33125     33246        21
   33196     33317        47
   33265     33386        47
   33313     33434        68
   33412     33533        32
   33475     33596        50
   33527     33648        79
   33610     33731        50
   33706     33827        20
   33736     33857        33
   33775     33896        26
   33809     33930        31
   33841     33962        29
   33940     34061        26
   33976     34097        35
   34012     34133        21
   34066     34187        74
   34141     34262        98
   34249     34370        26
   34276     34397        32
   34309     34430        38
   34360     34481        20
   34381     34502        38
   34421     34542        22
   34445     34566        37
   34564     34685        62
   34627     34748        26
   34671     34792        29
   34714     34835        62
   34778     34899        22
   34801     34922        35
   34879     35000        63
   34943     35064        59
   35003     35124        23
   35027     35148        20
   35048     35169        45
   35102     35223        41
   35144     35265        44
   35207     35328        70
   35288     35418       214
   35503     35633        20
   35539     35669        88
   35631     35761        29
   35688     35818        20
   35730     35860        20
   35781     35911        20
   35802     35932        32
   35931     36061        29
   35971     36101        22
   35994     36124        20
   36015     36145        20
   36036     36166        43
   36114     36244        50
   36183     36313        33
   36262     36392        28
   36309     36439        41
   36363     36493        75
   36465     36595        21
   36487     36617        24
   36517     36647        33
   36580     36710        29
   36610     36740        29
   36649     36779        28
   36678     36808        30
   36709     36839        23
   36832     36962        33
   36877     37007        24
   36907     37037        20
   36928     37058        26
   36961     37091        26
   37017     37147        24
   37042     37172        20
   37068     37198        23
   37093     37223        23
   37117     37247        32
   37156     37286        38
   37198     37328        29
   37243     37373        38
   37282     37412        32
   37315     37445        77
   37498     37628        20
   37519     37649        72
   37592     37722        40
   37633     37763        29
   37663     37793        44
   37715     37844        37
   37794     37923        21
   37818     37947        48
   37876     38005        23
   37960     38089        44
   38005     38134       104
   38164     38293        36
   38233     38362        65
   38299     38428        23
   38335     38464        32
   38368     38497        56
   38469     38604        29
   38523     38658        47
   38589     38724        50
   38640     38775        55
   38694     38828        24
   38719     38853        38
   38758     38892        41
   38833     38967        31
   38866     39000        65
   38932     39066        23
   38999     39142        24
   39041     39184        22
   39064     39207        25
   39136     39279        51
   39235     39378        47
   39283     39426        47
   39331     39474        50
   39471     39614        30
   39543     39686        22
   39566     39709        68
   39635     39778        83
   39774     39912        22
   39845     39983        34
   39910     40048        38
   39949     40087        23
   40006     40144        26
   40042     40180        20
   40075     40213        35
   40111     40249        53
   40168     40306        20
   40189     40327        53
   40243     40381        29
   40273     40411        29
   40303     40441        61
   40372     40510        24
   40397     40535        40
   40438     40576        20
   40495     40633        38
   40534     40672        57
   40597     40735        41
   40690     40828        59
   40768     40906        44
   40813     40951        29
   40876     41014        20
   40900     41038        26
   40927     41065        60
   41086     41224        77
   41164     41302        26
   41209     41347        56
   41338     41476       151
   41544     41682        42
   41605     41743        24
   41704     41842        35
   41740     41878        62
   41815     41953        32
   41848     41986        26
   41889     42027        46
   41986     42124        20
   42072     42209        28
   42101     42238       145
   42291     42428        29
   42351     42488        23
   42387     42524        20
   42408     42545        47
   42474     42611        29
   42504     42641        38
   42543     42680        71
   42639     42776        20
   42660     42797       113
   42774     42911        35
   42882     43019        41
   42931     43068        74
   43127     43264        69
   43197     43334        26
   43229     43366        25
   43273     43410        44
   43362     43499        27
   43390     43527        62
   43465     43602        32
   43533     43670        42
   43591     43728        41
   43642     43779        44
   43735     43872        35
   43771     43908        26
   43798     43935        36
   43837     43974        29
   43867     44004        38
   43963     44100        74
   44040     44177        21
   44062     44199        28
   44091     44228        85
   44197     44334        20
   44360     44499        24
   44494     44627        23
   44532     44665        21
   44565     44699        23
   44649     44781        25
   44675     44807        30
   44720     44849        25
   44757     44889        31
   44856     44997        26
   44954     45100        30
   45077     45226        66
   45177     45326        26
   45294     45443        35
   45369     45518       103
   45515     45664        21
   45537     45686        39
   45578     45727        36
   45615     45764        59
   45684     45833        38
   45741     45890        77
   45819     45968        32
   45855     46004        38
   45894     46043        47
   45942     46091        44
   45987     46136       108
   46096     46245        47
   46187     46336        35
   46247     46396        22
   46270     46419        29
   46304     46453        41
   46354     46503        53
   46408     46557        30
   46481     46630        35
   46519     46668        29
   46610     46759        28
   46642     46791        51
   46702     46851        72
   46787     46936        35
   46823     46972        82
   46907     47056        22
   46955     47104        97
   47071     47220        21
   47095     47244        24
   47147     47296        23
   47175     47324        31
   47245     47394        30
   47300     47449        35
   47369     47518        32
   47405     47554        43
   47453     47602        32
   47504     47653        32
   47581     47730        24
   47631     47780        22
   47654     47803        68
   47738     47887        29
   47851     48000        26
   47879     48028        23
   47909     48058        47
   47981     48130        26
   48020     48169        23
   48068     48217        32
   48134     48283        37
   48172     48321        20
   48241     48390        83
   48349     48498        36
   48412     48561        20
   48441     48590        39
   48507     48656        33
   48541     48690        62
   48604     48753        25
   48630     48779        23
   48654     48803        33
   48703     48852        57
   48761     48910        45
   48807     48956        23
   48856     49005        50
   48922     49071       131
   49063     49212        48
   49137     49286        35
   49243     49392        42
   49303     49452        38
   49364     49514        28
   49432     49582        28
   49466     49616        20
   49489     49639        22
   49513     49663        23
   49579     49729        23
   49621     49771        23
   49681     49831        50
   49732     49882        41
   49774     49924        20
   49795     49945        22
   49824     49974        54
   49891     50041        22
   49915     50065        23
   49951     50101        34
   50042     50191        48
   50109     50258        34
   50144     50293        33
   50178     50327        23
   50202     50351        23
   52032     50438        25
   52062     50468        31
   52094     50500        34
   52209     50615        71
   52232     53119        60
   52300     50707        23
   52349     50757        28
   56114     53289        63
   56234     53413        32
   56288     53467        21
   56312     53491       101
   56432     53611        29
   56480     53659        47
   56541     53720        58
   56626     53805       144
   56771     53950        35
   56825     54004        35
   56861     54040       110
   56972     54151        23
   56996     54175        98
   57095     54274        59
   57173     54352        86
   57260     54439        83
   57344     54523        38
   57386     54565        35
   57425     54604        20
   57515     54694        26
   57557     54736        26
   57587     54766        85
   57673     54852        21
   57695     54874       118
   57823     55002        50
   57880     55059        29
   57916     55095        55
   57979     55158        32
   58051     55230        22
   58074     55253        20
   58095     55274        24
   58120     55299        66
   58187     55366        57
   58264     55443        38
   58321     55500        20
   58354     55533        32
   58404     55583       114
   58519     55698        65
   58585     55764        39
   58659     55838       101
   58774     55953        26
   58801     55980        50
   58852     56031        71
   58927     56106        29
   58957     56136       101
   59059     56238        29
   59089     56268        20
   59115     56294        21
   59185     56364        74
   59272     56451        47
   59323     56502        53
   59434     56613       107
   59542     56721        29
   59605     56784        65
   59671     56850        20
   59692     56871        46
   59739     56918        24
   59767     56946        23
   59806     56985        83
   59959     57138        26
   59992     57171        41
   60034     57213        20
   60069     57248        21
   60100     57279        38
   60175     57354        26
   60202     57381        20
   60256     57435        20
   60286     57465        23
   60310     57489        22
   60340     57519        27
   60370     57549        20
   60412     57591        44
   60463     57642        62
   60601     57780        20
   60634     57813        23
   60658     57837        20
   60699     57878        63
   60763     57942        69
   60835     58014        20
   60892     58071        27
   60925     58104        26
   60952     58131        53
   61006     58185        36
   61056     58235        72
   61135     58314        23
   61177     58356        27
   61225     58404        49
   61282     58461        43
   61326     58505        73
   61407     58586       111
   61532     58711        56
   61603     58782        39
   61661     58840        20
   61682     58861        30
   61769     58948        32
   61811     58990        26
   61863     59043        40
   61927     59108        42
   62019     59203        33
   62149     59342        29
   62502     59848        24
   62751     60103        34
   62847     60199        33
   62919     60271        61
   62982     60334        39
   63033     60385        34
   63120     60466        25
   63559     60988        31
   63636     61065        22
   63917     61382        22
   64073     61538        31
   64212     61677        25
   64274     61739        29
   64320     61785        26
   64380     61845        30
   64428     61893        20
   64464     61929        35
   64580     62027        35
   64646     62093        21
   64763     62210        30
   64794     62241        23
   64863     62310        33
   64915     62362        24
   64944     62391        34
   64995     62442        49
   65045     62492        52
   65098     62545        22
   65121     62568        33
   65173     62620        52
   65253     62700        28
   65285     62732        35
   65339     62786        22
   65375     62822        29
   65564     63011        20
   65600     63047        24
   65780     63224        26
   65870     63314        23
   65955     63399        23
   65981     63425        26
   66131     63575        20
   66219     63663        39
   66389     63833        29
   66445     63889        26
   66582     64026        22
   66610     64054        36
   66812     64256        25
   66862     64306        44
   66907     64351        62
   66970     64414        34
   67007     64451       108
   67141     64585        25
   67167     64611        31
   67240     64684        90
   67360     64804        22
   67385     64829        76
   67671     65121        26
   67775     65225        22
   67957     65407        22
   68026     65488        20
   68254     65710        27
   68336     65792        20
   68519     65975        29
   68564     66020        30
   68615     66071        23
   68639     66095        20
   68671     66127        40
   68718     66174        46
   68798     66254        20
   68861     66317        32
   68894     66350        30
   69016     66472        30
   69049     66505        34
   69097     66553        23
   69166     66622        30
   69315     66774        37
   69445     66907        53
   69573     67029        59
   69633     67089        62
   69723     67179        24
   69786     67242        68
